  Button.cpp
  Entity.cpp
  Game.cpp
  GameState.cpp
  main.cpp
  MainMenuState.cpp
d:\develop\openrpg\openrpg\mainmenustate.cpp(53): warning C4244: '인수': 'T'에서 'T'(으)로 변환하면서 데이터가 손실될 수 있습니다.
          with
          [
              T=unsigned int
          ]
          and
          [
              T=float
          ]
  State.cpp
  코드를 생성하고 있습니다.
  All 678 functions were compiled because no usable IPDB/IOBJ from previous compilation was found.
  코드를 생성했습니다.
  OpenRPG.vcxproj -> D:\Develop\OpenRPG\Release\OpenRPG.exe
